
[0m[3mResult #1[0m [0m[33mMEDIUM[39m[0m [1mKey does not have rotation enabled.[0m [2m[0m
[0m[0m[90m──────────────────────────────────────────────────────────────────────────────────────────────────────────────────────────────────────────────────────
[0m[0m  [3mterraform-aws-msk/kms.tf[2m[3m:1-27
[0m[0m   [2mvia [0m[3mmain.tf[2m[3m:1-54 (module.msk_cluster)
[0m[0m[90m──────────────────────────────────────────────────────────────────────────────────────────────────────────────────────────────────────────────────────[39m
[0m[0m[31m    1  [0m[0m[31m┌[39m[0m[0m [38;5;33mresource[0m [38;5;37m"aws_kms_key"[0m [38;5;37m"msk_cluster"[0m {[0m
[0m[31m    2  [0m[0m[31m│[39m[0m[0m   [38;5;245mcount[0m = [38;5;33mvar[0m.create [38;5;245m?[0m [38;5;37m1[0m [38;5;245m:[0m [38;5;37m0[0m
[0m[31m    3  [0m[0m[31m│[39m[0m[0m [0m[0m
[0m[31m    4  [0m[0m[31m│[39m[0m[0m   [38;5;245mdescription[0m = [38;5;37m"chave KMS para o cluster MSK"[0m
[0m[31m    5  [0m[0m[31m│[39m[0m[0m [0m  [38;5;245mpolicy[0m      = [38;5;245m<<POLICY[0m[0m
[0m[31m    6  [0m[0m[31m│[39m[0m[0m [38;5;37m{[0m
[0m[31m    7  [0m[0m[31m│[39m[0m[0m   "Version": "2012-10-17",[0m
[0m[31m    8  [0m[0m[31m│[39m[0m[0m   "Statement": [[0m
[0m[31m    9  [0m[0m[31m└[39m[0m[0m     {[0m
[0m[90m   ..  [0m
[0m[90m──────────────────────────────────────────────────────────────────────────────────────────────────────────────────────────────────────────────────────[39m
[0m[0m  [2m        ID[0m[3m aws-kms-auto-rotate-keys
[0m[0m  [2m    Impact[0m Long life KMS keys increase the attack surface when compromised
[0m[0m  [2mResolution[0m Configure KMS key to auto rotate
[0m[0m
  [2mMore Information[0m[0m[0m
  [2m-[0m [34mhttps://aquasecurity.github.io/tfsec/v1.28.5/checks/aws/kms/auto-rotate-keys/[0m[0m
  [2m-[0m [34mhttps://registry.terraform.io/providers/hashicorp/aws/latest/docs/resources/kms_key#enable_key_rotation[0m[0m
[90m──────────────────────────────────────────────────────────────────────────────────────────────────────────────────────────────────────────────────────[39m


[0m[0m[3mResult #2[0m [0m[33mMEDIUM[39m[0m [1mKey does not have rotation enabled.[0m [2m[0m
[0m[0m[90m──────────────────────────────────────────────────────────────────────────────────────────────────────────────────────────────────────────────────────
[0m[0m  [3mterraform-aws-msk/kms.tf[2m[3m:38-85
[0m[0m   [2mvia [0m[3mmain.tf[2m[3m:1-54 (module.msk_cluster)
[0m[0m[90m──────────────────────────────────────────────────────────────────────────────────────────────────────────────────────────────────────────────────────[39m
[0m[0m[31m   38  [0m[0m[31m┌[39m[0m[0m [38;5;33mresource[0m [38;5;37m"aws_kms_key"[0m [38;5;37m"cloudwatch_log_group_msk_cluster"[0m {[0m
[0m[31m   39  [0m[0m[31m│[39m[0m[0m   [38;5;245mcount[0m = [38;5;33mvar[0m.create [38;5;245m?[0m [38;5;37m1[0m [38;5;245m:[0m [38;5;37m0[0m
[0m[31m   40  [0m[0m[31m│[39m[0m[0m [0m[0m
[0m[31m   41  [0m[0m[31m│[39m[0m[0m   [38;5;245mdescription[0m = [38;5;37m"chave KMS para o cloudwatch log group do cluster MSK"[0m
[0m[31m   42  [0m[0m[31m│[39m[0m[0m [0m  [38;5;245mpolicy[0m      = [38;5;245m<<POLICY[0m[0m
[0m[31m   43  [0m[0m[31m│[39m[0m[0m [38;5;37m{[0m
[0m[31m   44  [0m[0m[31m│[39m[0m[0m  "Version": "2012-10-17",[0m
[0m[31m   45  [0m[0m[31m│[39m[0m[0m     "Id": "key-default-1",[0m
[0m[31m   46  [0m[0m[31m└[39m[0m[0m     "Statement": [[0m
[0m[90m   ..  [0m
[0m[90m──────────────────────────────────────────────────────────────────────────────────────────────────────────────────────────────────────────────────────[39m
[0m[0m  [2m        ID[0m[3m aws-kms-auto-rotate-keys
[0m[0m  [2m    Impact[0m Long life KMS keys increase the attack surface when compromised
[0m[0m  [2mResolution[0m Configure KMS key to auto rotate
[0m[0m
  [2mMore Information[0m[0m[0m
  [2m-[0m [34mhttps://aquasecurity.github.io/tfsec/v1.28.5/checks/aws/kms/auto-rotate-keys/[0m[0m
  [2m-[0m [34mhttps://registry.terraform.io/providers/hashicorp/aws/latest/docs/resources/kms_key#enable_key_rotation[0m[0m
[90m──────────────────────────────────────────────────────────────────────────────────────────────────────────────────────────────────────────────────────[39m


[0m[0m[3mResult #3[0m [0m[33mMEDIUM[39m[0m [1mKey does not have rotation enabled.[0m [2m[0m
[0m[0m[90m──────────────────────────────────────────────────────────────────────────────────────────────────────────────────────────────────────────────────────
[0m[0m  [3mterraform-aws-msk/kms.tf[2m[3m:96-122
[0m[0m   [2mvia [0m[3mmain.tf[2m[3m:1-54 (module.msk_cluster)
[0m[0m[90m──────────────────────────────────────────────────────────────────────────────────────────────────────────────────────────────────────────────────────[39m
[0m[0m[31m   96  [0m[0m[31m┌[39m[0m[0m [38;5;33mresource[0m [38;5;37m"aws_kms_key"[0m [38;5;37m"secrets_manager"[0m {[0m
[0m[31m   97  [0m[0m[31m│[39m[0m[0m   [38;5;245mcount[0m = [38;5;33mvar[0m.create [38;5;245m?[0m [38;5;37m1[0m [38;5;245m:[0m [38;5;37m0[0m
[0m[31m   98  [0m[0m[31m│[39m[0m[0m [0m[0m
[0m[31m   99  [0m[0m[31m│[39m[0m[0m   [38;5;245mdescription[0m = [38;5;37m"chave KMS para o secrets manager do usuario do MSK cluster"[0m
[0m[31m  100  [0m[0m[31m│[39m[0m[0m [0m  [38;5;245mpolicy[0m      = [38;5;245m<<POLICY[0m[0m
[0m[31m  101  [0m[0m[31m│[39m[0m[0m [38;5;37m{[0m
[0m[31m  102  [0m[0m[31m│[39m[0m[0m   "Version": "2012-10-17",[0m
[0m[31m  103  [0m[0m[31m│[39m[0m[0m   "Statement": [[0m
[0m[31m  104  [0m[0m[31m└[39m[0m[0m     {[0m
[0m[90m  ...  [0m
[0m[90m──────────────────────────────────────────────────────────────────────────────────────────────────────────────────────────────────────────────────────[39m
[0m[0m  [2m        ID[0m[3m aws-kms-auto-rotate-keys
[0m[0m  [2m    Impact[0m Long life KMS keys increase the attack surface when compromised
[0m[0m  [2mResolution[0m Configure KMS key to auto rotate
[0m[0m
  [2mMore Information[0m[0m[0m
  [2m-[0m [34mhttps://aquasecurity.github.io/tfsec/v1.28.5/checks/aws/kms/auto-rotate-keys/[0m[0m
  [2m-[0m [34mhttps://registry.terraform.io/providers/hashicorp/aws/latest/docs/resources/kms_key#enable_key_rotation[0m[0m
[90m──────────────────────────────────────────────────────────────────────────────────────────────────────────────────────────────────────────────────────[39m


[0m[0m[3mResult #4[0m [0m[97mLOW[39m[0m [1mSecurity group rule does not have a description.[0m [2m[0m
[0m[0m[90m──────────────────────────────────────────────────────────────────────────────────────────────────────────────────────────────────────────────────────
[0m[0m  [3mterraform-aws-msk/security_group.tf[3m[2m:29
[0m[0m   [2mvia [0m[3mmain.tf[2m[3m:1-54 (module.msk_cluster)
[0m[0m[90m──────────────────────────────────────────────────────────────────────────────────────────────────────────────────────────────────────────────────────[39m
[0m[0m[90m   16  [0m[0m  [38;5;33mresource[0m [38;5;37m"aws_security_group_rule"[0m [38;5;37m"this"[0m {[0m
[0m[90m   ..  [0m
[0m[31m   29  [0m[0m[31m[[39m[0m[0m [0m  [38;5;245mdescription[0m              =[38;5;33m lookup[0m([38;5;33meach[0m.value, [38;5;37m"description"[0m, null)[0m[0m [3m[2m[3m("")[0m
[0m[90m   ..  [0m
[0m[90m   35  [0m[0m  }[0m
[0m[90m──────────────────────────────────────────────────────────────────────────────────────────────────────────────────────────────────────────────────────[39m
[0m[0m  [2m        ID[0m[3m aws-ec2-add-description-to-security-group-rule
[0m[0m  [2m    Impact[0m Descriptions provide context for the firewall rule reasons
[0m[0m  [2mResolution[0m Add descriptions for all security groups rules
[0m[0m
  [2mMore Information[0m[0m[0m
  [2m-[0m [34mhttps://aquasecurity.github.io/tfsec/v1.28.5/checks/aws/ec2/add-description-to-security-group-rule/[0m[0m
  [2m-[0m [34mhttps://registry.terraform.io/providers/hashicorp/aws/latest/docs/resources/security_group[0m[0m
  [2m-[0m [34mhttps://registry.terraform.io/providers/hashicorp/aws/latest/docs/resources/security_group_rule[0m[0m
[90m──────────────────────────────────────────────────────────────────────────────────────────────────────────────────────────────────────────────────────[39m


[0m[0m  [1mtimings[0m
  ──────────────────────────────────────────
[0m[0m  [2mdisk i/o            [0m 3.215958ms
[0m[0m  [2mparsing             [0m 10.050583ms
[0m[0m  [2madaptation          [0m 163.334µs
[0m[0m  [2mchecks              [0m 3.800125ms
[0m[0m  [2mtotal               [0m 17.23ms
[0m
[0m  [1mcounts[0m
  ──────────────────────────────────────────
[0m[0m  [2mmodules downloaded  [0m 0
[0m[0m  [2mmodules processed   [0m 2
[0m[0m  [2mblocks processed    [0m 59
[0m[0m  [2mfiles read          [0m 16
[0m
[0m  [1mresults[0m
  ──────────────────────────────────────────
[0m[0m  [2mpassed              [0m 9
[0m[0m  [2mignored             [0m 0
[0m[0m  [2mcritical            [0m 0
[0m[0m  [2mhigh                [0m 0
[0m[0m  [2mmedium              [0m 3
[0m[0m  [2mlow                 [0m 1
[0m
[0m  [31m[1m9 passed, 4 potential problem(s) detected.

[0m